=== Warlord Strids-Telemetri Aktivert ===
Operatør: Nlkosi (Level ) | Fokus: Positional Damage
=== Warlord Strids-Telemetri Aktivert ===
Operatør: Nlkosi (Level ) | Fokus: Positional Damage
=== Warlord Strids-Telemetri Aktivert ===
Operatør: Nlkosi (Level ) | Fokus: Positional Damage
=== Warlord Strids-Telemetri Aktivert ===
Operatør: Nlkosi.lvl136 (Level ) | Fokus: Positional Damage
=== Warlord Strids-Telemetri Aktivert ===
Operatør: Nlkosi (Level lvl136) | Fokus: Positional Damage
[2026-06-10 20:06:03.675417938] [Nlkosi Lvl:lvl137] Nlkosi scored a hit with Volcanic Rune-stone on the Imhûlari Straggler for 6,865 Fire damage to Morale.
[2026-06-10 20:06:03.894668072] [Nlkosi Lvl:lvl137] Nlkosi applied a benefit with Volcanic Rune-stone on Nlkosi.
[2026-06-10 20:06:05.181762349] [Nlkosi Lvl:lvl137] Nlkosi scored a hit with Fulgurite Strike on the Imhûlari Straggler for 1,997 Lightning damage to Morale.
[2026-06-10 20:06:05.183810363] [Nlkosi Lvl:lvl137] Nlkosi scored a hit with Fulgurite Strike on the Imhûlari Scout for 1,854 Lightning damage to Morale.
[2026-06-10 20:06:05.298199396] [Nlkosi Lvl:lvl137] Nlkosi applied a benefit with Fulgurite Rune-stone on Nlkosi.
[2026-06-10 20:06:05.605130752] [Nlkosi Lvl:lvl137] Nlkosi scored a hit with Volcanic Rune-stone on the Imhûlari Straggler for 6,865 Fire damage to Morale.
[2026-06-10 20:06:05.607251850] [Nlkosi Lvl:lvl137] Nlkosi scored a hit with Volcanic Rune-stone on the Imhûlari Scout for 6,865 Fire damage to Morale.
[2026-06-10 20:06:06.336688988] [Nlkosi Lvl:lvl137] Master of Tragedy applied a heal to Nlkosi restoring 101 points to Power.
[2026-06-10 20:06:06.718774718] [Nlkosi Lvl:lvl137] Nlkosi scored a critical hit with Shocking Words on the Imhûlari Scout for 50,105 Lightning damage to Morale.
[2026-06-10 20:06:07.634905991] [Nlkosi Lvl:lvl137] Nlkosi scored a hit with Volcanic Rune-stone on the Imhûlari Straggler for 6,865 Fire damage to Morale.
[2026-06-10 20:06:08.58984927] [Nlkosi Lvl:lvl137] Nlkosi applied a benefit with Armour of The Elements on Nlkosi.
[2026-06-10 20:06:11.447714889] [Nlkosi Lvl:lvl137] Nlkosi scored a hit with Sustaining Bolt on the Imhûlari Scout for 3,361 Lightning damage to Morale.
[2026-06-10 20:06:12.267616201] [Nlkosi Lvl:lvl137] Sustaining Bolt applied a heal to Nlkosi restoring 544 points to Power.
[2026-06-10 20:06:12.269734964] [Nlkosi Lvl:lvl137] Sustenance applied a heal to Nlkosi restoring 5,590 points to Morale.
[2026-06-10 20:06:13.849844522] [Nlkosi Lvl:lvl137] Nlkosi scored a critical hit with Essence of Flame on the Imhûlari Scout for 22,882 Fire damage to Morale.
[2026-06-10 20:06:14.159781056] [Nlkosi Lvl:lvl137] Nlkosi scored a hit with Fulgurite Strike on the Imhûlari Skirmisher for 1,956 Lightning damage to Morale.
[2026-06-10 20:06:14.781621100] [Nlkosi Lvl:lvl137] The Imhûlari Skirmisher scored a hit with a weak melee attack on Nlkosi for 802 Common damage to Morale.
[2026-06-10 20:06:15.314494285] [Nlkosi Lvl:lvl137] Nlkosi scored a hit with Fiery Ridicule on the Imhûlari Skirmisher for 3,015 Fire damage to Morale.
[2026-06-10 20:06:16.691586601] [Nlkosi Lvl:lvl137] Nlkosi scored a critical hit with Fiery Ridicule on the Imhûlari Skirmisher for 7,591 Fire damage to Morale.
[2026-06-10 20:06:17.983109165] [Nlkosi Lvl:lvl137] Nlkosi scored a devastating hit with Fiery Ridicule on the Imhûlari Skirmisher for 10,622 Fire damage to Morale.
[2026-06-10 20:06:44.613147044] [Nlkosi Lvl:lvl137] Nlkosi applied a benefit with Volcanic Rune-stone on Nlkosi.
[2026-06-10 20:06:45.916527142] [Nlkosi Lvl:lvl137] Nlkosi scored a hit with Fulgurite Strike on the Imhûlari Straggler for 1,992 Lightning damage to Morale.
[2026-06-10 20:06:45.918711279] [Nlkosi Lvl:lvl137] Nlkosi scored a hit with Fulgurite Strike on the Imhûlari Warrior for 1,830 Lightning damage to Morale.
[2026-06-10 20:06:46.167151512] [Nlkosi Lvl:lvl137] Nlkosi applied a benefit with Fulgurite Rune-stone on Nlkosi.
[2026-06-10 20:06:46.331346044] [Nlkosi Lvl:lvl137] Nlkosi scored a hit with Volcanic Rune-stone on the Imhûlari Straggler for 6,865 Fire damage to Morale.
[2026-06-10 20:06:47.595733047] [Nlkosi Lvl:lvl137] Nlkosi scored a hit with Ceaseless Argument on the Imhûlari Straggler for 7,266 Lightning damage to Morale.
[2026-06-10 20:06:48.340733040] [Nlkosi Lvl:lvl137] Nlkosi scored a hit with Improved Final Word on the Imhûlari Straggler.
[2026-06-10 20:06:48.534260597] [Nlkosi Lvl:lvl137] Nlkosi scored a hit with Volcanic Rune-stone on the Imhûlari Straggler for 6,865 Fire damage to Morale.
[2026-06-10 20:06:48.893884815] [Nlkosi Lvl:lvl137] Nlkosi scored a hit with Fulgurite Strike on the Imhûlari Warrior for 1,815 Lightning damage to Morale.
[2026-06-10 20:06:50.238068259] [Nlkosi Lvl:lvl137] Nlkosi scored a hit with Essence of Storm on the Imhûlari Warrior for 9,177 Lightning damage to Morale.
[2026-06-10 20:06:51.911252339] [Nlkosi Lvl:lvl137] Nlkosi scored a hit with Fulgurite Strike on the Imhûlari Warrior for 1,821 Lightning damage to Morale.
[2026-06-10 20:06:52.544912330] [Nlkosi Lvl:lvl137] Nlkosi scored a hit with Volcanic Rune-stone on the Imhûlari Warrior for 6,865 Fire damage to Morale.
[2026-06-10 20:06:53.517604187] [Nlkosi Lvl:lvl137] Nlkosi tried to use Induce Stunned on the Imhûlari Warrior but he was immune to the attempt.
[2026-06-10 20:06:53.520937111] [Nlkosi Lvl:lvl137] Master of Tragedy applied a heal to Nlkosi restoring 101 points to Power.
[2026-06-10 20:06:53.789837655] [Nlkosi Lvl:lvl137] Nlkosi scored a critical hit with Shocking Words on the Imhûlari Warrior for 66,252 Lightning damage to Morale.
[2026-06-10 20:07:15.165561605] [Nlkosi Lvl:lvl137] Nlkosi applied a benefit with Finesse on Nlkosi.
[2026-06-10 20:07:19.394722349] [Nlkosi Lvl:lvl137] Nlkosi scored a hit with Fiery Ridicule on the Imhûlari Warrior for 2,719 Fire damage to Morale.
[2026-06-10 20:07:19.647898890] [Nlkosi Lvl:lvl137] Nlkosi scored a hit with Sustaining Bolt on the Imhûlari Warrior for 2,936 Lightning damage to Morale.
[2026-06-10 20:07:20.491255107] [Nlkosi Lvl:lvl137] Sustaining Bolt applied a heal to Nlkosi restoring 530 points to Power.
[2026-06-10 20:07:20.493822566] [Nlkosi Lvl:lvl137] Sustenance applied a critical heal to Nlkosi restoring 8,518 points to Morale.
[2026-06-10 20:07:21.133029403] [Nlkosi Lvl:lvl137] Nlkosi scored a hit with Fiery Ridicule on the Imhûlari Warrior for 2,713 Fire damage to Morale.
[2026-06-10 20:07:22.325681372] [Nlkosi Lvl:lvl137] Nlkosi scored a critical hit with Essence of Flame on the Imhûlari Warrior for 25,495 Fire damage to Morale.
[2026-06-10 20:07:23.781472448] [Nlkosi Lvl:lvl137] Nlkosi scored a hit with Fiery Ridicule on the Imhûlari Skirmisher for 3,708 Fire damage to Morale.
[2026-06-10 20:07:25.99314854] [Nlkosi Lvl:lvl137] Nlkosi scored a hit with Fiery Ridicule on the Imhûlari Skirmisher for 4,125 Fire damage to Morale.
[2026-06-10 20:07:26.480953242] [Nlkosi Lvl:lvl137] Nlkosi scored a hit with Fiery Ridicule on the Imhûlari Skirmisher for 3,719 Fire damage to Morale.
[2026-06-10 20:07:27.424076882] [Nlkosi Lvl:lvl137] The Imhûlari Skirmisher scored a hit with Fire Arrow Attack on Nlkosi for 3,968 Fire damage to Morale.
[2026-06-10 20:07:27.797530197] [Nlkosi Lvl:lvl137] Nlkosi scored a hit with Fiery Ridicule on the Imhûlari Skirmisher for 3,419 Fire damage to Morale.
[2026-06-10 20:07:29.265984791] [Nlkosi Lvl:lvl137] Nlkosi scored a critical hit with Fiery Ridicule on the Imhûlari Skirmisher for 9,211 Fire damage to Morale.
[2026-06-10 20:07:35.658630973] [Nlkosi Lvl:lvl137] Nlkosi scored a devastating hit with Fiery Ridicule on the Imhûlari Warrior for 10,045 Fire damage to Morale.
[2026-06-10 20:07:37.79803999] [Nlkosi Lvl:lvl137] Nlkosi scored a hit with Essence of Flame on the Imhûlari Warrior for 14,162 Fire damage to Morale.
[2026-06-10 20:07:52.3909034] [Nlkosi Lvl:lvl137] Nlkosi scored a hit with Volcanic Rune-stone on the Imhûlari Straggler for 6,865 Fire damage to Morale.
[2026-06-10 20:07:52.240076767] [Nlkosi Lvl:lvl137] Nlkosi applied a benefit with Volcanic Rune-stone on Nlkosi.
[2026-06-10 20:07:53.806565996] [Nlkosi Lvl:lvl137] Nlkosi scored a hit with Fulgurite Strike on the Imhûlari Straggler for 1,922 Lightning damage to Morale.
[2026-06-10 20:07:53.808820922] [Nlkosi Lvl:lvl137] Nlkosi scored a hit with Fulgurite Strike on the Imhûlari Captain for 1,857 Lightning damage to Morale.
[2026-06-10 20:07:53.980812305] [Nlkosi Lvl:lvl137] Nlkosi scored a hit with Volcanic Rune-stone on the Imhûlari Straggler for 6,865 Fire damage to Morale.
[2026-06-10 20:07:53.983443562] [Nlkosi Lvl:lvl137] Nlkosi scored a hit with Volcanic Rune-stone on the Imhûlari Captain for 6,865 Fire damage to Morale.
[2026-06-10 20:07:54.42036579] [Nlkosi Lvl:lvl137] Nlkosi applied a benefit with Fulgurite Rune-stone on Nlkosi.
[2026-06-10 20:07:55.375056736] [Nlkosi Lvl:lvl137] Nlkosi scored a hit with Writ of Lightning on the Imhûlari Captain for 5,399 Lightning damage to Morale.
[2026-06-10 20:07:55.994448295] [Nlkosi Lvl:lvl137] Nlkosi scored a hit with Volcanic Rune-stone on the Imhûlari Straggler for 6,865 Fire damage to Morale.
[2026-06-10 20:07:55.996512181] [Nlkosi Lvl:lvl137] Nlkosi scored a hit with Volcanic Rune-stone on the Imhûlari Captain for 6,966 Fire damage to Morale.
[2026-06-10 20:07:56.175942861] [Nlkosi Lvl:lvl137] Nlkosi scored a hit with Sustaining Bolt on the Imhûlari Captain for 4,571 Lightning damage to Morale.
[2026-06-10 20:07:56.809157665] [Nlkosi Lvl:lvl137] Nlkosi scored a hit with Fulgurite Strike on the Imhûlari Captain for 1,849 Lightning damage to Morale.
[2026-06-10 20:07:57.11530317] [Nlkosi Lvl:lvl137] Sustaining Bolt applied a critical heal to Nlkosi restoring 744 points to Power.
[2026-06-10 20:07:57.13963070] [Nlkosi Lvl:lvl137] Sustenance applied a heal to Nlkosi restoring 8,741 points to Morale.
[2026-06-10 20:07:58.206095507] [Nlkosi Lvl:lvl137] Nlkosi scored a hit with Volcanic Rune-stone on the Imhûlari Captain for 6,966 Fire damage to Morale.
[2026-06-10 20:07:58.529398831] [Nlkosi Lvl:lvl137] Nlkosi scored a hit with Essence of Flame on the Imhûlari Captain for 13,633 Fire damage to Morale.
[2026-06-10 20:07:58.864586986] [Nlkosi Lvl:lvl137] Nlkosi scored a hit with Fiery Ridicule on the Imhûlari Captain for 5,021 Fire damage to Morale.
[2026-06-10 20:08:20.451392362] [Nlkosi Lvl:lvl137] Nlkosi scored a devastating hit with Fiery Ridicule on the Imhûlari Warrior for 8,193 Fire damage to Morale.
[2026-06-10 20:08:21.27569654] [Nlkosi Lvl:lvl137] Master of Tragedy applied a heal to Nlkosi restoring 101 points to Power.
[2026-06-10 20:08:21.281716445] [Nlkosi Lvl:lvl137] Nlkosi scored a critical hit with Sustaining Bolt on the Imhûlari Warrior for 7,531 Lightning damage to Morale.
[2026-06-10 20:08:22.138451412] [Nlkosi Lvl:lvl137] Sustaining Bolt applied a heal to Nlkosi restoring 529 points to Power.
[2026-06-10 20:08:22.140685701] [Nlkosi Lvl:lvl137] Sustenance applied a critical heal to Nlkosi restoring 7,979 points to Morale.
[2026-06-10 20:08:22.726402200] [Nlkosi Lvl:lvl137] Nlkosi scored a hit with Fiery Ridicule on the Imhûlari Warrior for 3,641 Fire damage to Morale.
[2026-06-10 20:08:24.43260501] [Nlkosi Lvl:lvl137] Nlkosi scored a critical hit with Fiery Ridicule on the Imhûlari Warrior for 8,555 Fire damage to Morale.
[2026-06-10 20:08:24.230767124] [Nlkosi Lvl:lvl137] The Imhûlari Skirmisher scored a hit with a weak melee attack on Nlkosi for 826 Common damage to Morale.
[2026-06-10 20:08:25.547478245] [Nlkosi Lvl:lvl137] Nlkosi scored a hit with Fiery Ridicule on the Imhûlari Skirmisher for 3,978 Fire damage to Morale.
[2026-06-10 20:08:26.848458221] [Nlkosi Lvl:lvl137] Nlkosi scored a hit with Fiery Ridicule on the Imhûlari Skirmisher for 3,702 Fire damage to Morale.
[2026-06-10 20:08:26.928523575] [Nlkosi Lvl:lvl137] The Imhûlari Skirmisher scored a hit with a moderate melee attack on Nlkosi for 1,136 Common damage to Morale.
[2026-06-10 20:08:28.205044245] [Nlkosi Lvl:lvl137] Nlkosi scored a critical hit with Fiery Ridicule on the Imhûlari Skirmisher for 9,981 Fire damage to Morale.
[2026-06-10 20:08:29.502619105] [Nlkosi Lvl:lvl137] Nlkosi scored a hit with Fiery Ridicule on the Imhûlari Skirmisher for 4,742 Fire damage to Morale.
[2026-06-10 20:08:37.481592785] [Nlkosi Lvl:lvl137] Nlkosi scored a critical hit with Fiery Ridicule on the Imhûlari Captain for 8,635 Fire damage to Morale.
[2026-06-10 20:08:38.720340739] [Nlkosi Lvl:lvl137] Nlkosi scored a hit with Essence of Flame on the Imhûlari Captain for 13,302 Fire damage to Morale.
[2026-06-10 20:08:39.1510238] [Nlkosi Lvl:lvl137] Nlkosi scored a hit with Fiery Ridicule on the Imhûlari Captain for 4,655 Fire damage to Morale.
[2026-06-10 20:08:39.265546709] [Nlkosi Lvl:lvl137] Nlkosi scored a hit with Sustaining Bolt on the Imhûlari Captain for 4,327 Lightning damage to Morale.
[2026-06-10 20:08:40.146643715] [Nlkosi Lvl:lvl137] Sustaining Bolt applied a heal to Nlkosi restoring 561 points to Power.
[2026-06-10 20:08:40.148987123] [Nlkosi Lvl:lvl137] Sustenance applied a heal to Nlkosi restoring 7,185 points to Morale.
[2026-06-10 20:08:40.815894581] [Nlkosi Lvl:lvl137] Nlkosi scored a hit with Fiery Ridicule on the Imhûlari Captain for 4,104 Fire damage to Morale.
[2026-06-10 20:08:42.259693138] [Nlkosi Lvl:lvl137] The Imhûlari Captain scored a partially evaded hit with a melee double attack on Nlkosi for 1,093 Common damage to Morale.
[2026-06-10 20:08:42.262291685] [Nlkosi Lvl:lvl137] Nlkosi scored a hit with Fiery Ridicule on the Imhûlari Captain for 4,368 Fire damage to Morale.
[2026-06-10 20:08:43.629390833] [Nlkosi Lvl:lvl137] Nlkosi scored a critical hit with Fiery Ridicule on the Imhûlari Captain for 8,584 Fire damage to Morale.
[2026-06-10 20:08:43.749267783] [Nlkosi Lvl:lvl137] The Imhûlari Captain scored a hit with a melee double attack on Nlkosi for 1,198 Common damage to Morale.
[2026-06-10 20:08:44.929746063] [Nlkosi Lvl:lvl137] Nlkosi scored a hit with Fiery Ridicule on the Imhûlari Captain for 3,500 Fire damage to Morale.
[2026-06-10 20:08:46.303689946] [Nlkosi Lvl:lvl137] Nlkosi scored a hit with Fiery Ridicule on the Imhûlari Captain for 3,389 Fire damage to Morale.
[2026-06-10 20:08:52.144560481] [Nlkosi Lvl:lvl137] Nlkosi scored a devastating hit with Essence of Flame on the Imhûlari Warrior for 34,014 Fire damage to Morale.
[2026-06-10 20:09:07.776858449] [Nlkosi Lvl:lvl137] Master of Tragedy applied a heal to Nlkosi restoring 101 points to Power.
[2026-06-10 20:09:07.781030931] [Nlkosi Lvl:lvl137] Nlkosi scored a hit with Fiery Ridicule on the Imhûlari Straggler for 3,061 Fire damage to Morale.
[2026-06-10 20:09:08.45210076] [Nlkosi Lvl:lvl137] Nlkosi scored a critical hit with Sustaining Bolt on the Imhûlari Straggler for 7,531 Lightning damage to Morale.
[2026-06-10 20:09:08.883376606] [Nlkosi Lvl:lvl137] Sustaining Bolt applied a heal to Nlkosi restoring 513 points to Power.
[2026-06-10 20:09:08.886205063] [Nlkosi Lvl:lvl137] Sustenance applied a heal to Nlkosi restoring 6,505 points to Morale.
[2026-06-10 20:09:10.293115194] [Nlkosi Lvl:lvl137] Nlkosi scored a critical hit with Fiery Ridicule on the Imhûlari Straggler for 7,695 Fire damage to Morale.
[2026-06-10 20:09:10.890734647] [Nlkosi Lvl:lvl137] The Imhûlari Straggler scored a devastating hit with a moderate swipe attack on Nlkosi for 2,522 Common damage to Morale.
[2026-06-10 20:09:11.836719190] [Nlkosi Lvl:lvl137] Nlkosi scored a hit with Fiery Ridicule on the Imhûlari Straggler for 3,519 Fire damage to Morale.
[2026-06-10 20:09:12.799487381] [Nlkosi Lvl:lvl137] The Imhûlari Scout scored a critical hit with a weak melee attack on Nlkosi for 1,182 Common damage to Morale.
[2026-06-10 20:09:13.474543011] [Nlkosi Lvl:lvl137] Nlkosi scored a critical hit with Essence of Storm on the Imhûlari Scout for 37,202 Lightning damage to Morale.
[2026-06-10 20:09:33.914709203] [Nlkosi Lvl:lvl137] Nlkosi scored a hit with Essence of Flame on the Imhûlari Warrior for 13,533 Fire damage to Morale.
[2026-06-10 20:09:34.194846953] [Nlkosi Lvl:lvl137] Nlkosi scored a hit with Fiery Ridicule on the Imhûlari Warrior for 3,262 Fire damage to Morale.
[2026-06-10 20:09:34.500960579] [Nlkosi Lvl:lvl137] Nlkosi scored a hit with Sustaining Bolt on the Imhûlari Warrior for 2,788 Lightning damage to Morale.
[2026-06-10 20:09:35.312930649] [Nlkosi Lvl:lvl137] Sustaining Bolt applied a critical heal to Nlkosi restoring 680 points to Power.
[2026-06-10 20:09:35.315359684] [Nlkosi Lvl:lvl137] Sustenance applied a heal to Nlkosi restoring 8,036 points to Morale.
[2026-06-10 20:09:35.863316854] [Nlkosi Lvl:lvl137] Nlkosi scored a critical hit with Fiery Ridicule on the Imhûlari Warrior for 7,085 Fire damage to Morale.
[2026-06-10 20:09:36.565864110] [Nlkosi Lvl:lvl137] Nlkosi scored a hit with Volcanic Rune-stone on the Imhûlari Skirmisher for 7,453 Fire damage to Morale.
[2026-06-10 20:09:36.842822830] [Nlkosi Lvl:lvl137] Nlkosi applied a benefit with Volcanic Rune-stone on Nlkosi.
[2026-06-10 20:09:36.917230001] [Nlkosi Lvl:lvl137] The Imhûlari Skirmisher scored a partially evaded hit with a moderate melee attack on Nlkosi for 1,036 Common damage to Morale.
[2026-06-10 20:09:38.53478439] [Nlkosi Lvl:lvl137] Nlkosi scored a hit with Shocking Words on the Imhûlari Skirmisher for 19,791 Lightning damage to Morale.
[2026-06-10 20:10:01.901990952] [Nlkosi Lvl:lvl137] Nlkosi scored a hit with Fulgurite Strike on the Imhûlari Skirmisher for 1,892 Lightning damage to Morale.
[2026-06-10 20:10:01.908936629] [Nlkosi Lvl:lvl137] Nlkosi scored a hit with Fulgurite Strike on the Imhûlari Scout for 1,836 Lightning damage to Morale.
[2026-06-10 20:10:01.912317289] [Nlkosi Lvl:lvl137] The Imhûlari Scout scored a hit with a weak melee attack on Nlkosi for 826 Common damage to Morale.
[2026-06-10 20:10:02.135484424] [Nlkosi Lvl:lvl137] Nlkosi applied a benefit with Fulgurite Rune-stone on Nlkosi.
[2026-06-10 20:10:03.214246009] [Nlkosi Lvl:lvl137] Master of Tragedy applied a heal to Nlkosi restoring 101 points to Power.
[2026-06-10 20:10:03.485625238] [Nlkosi Lvl:lvl137] Nlkosi scored a critical hit with Essence of Storm on the Imhûlari Scout for 28,186 Lightning damage to Morale.
[2026-06-10 20:10:04.906941496] [Nlkosi Lvl:lvl137] Nlkosi scored a hit with Fulgurite Strike on the Imhûlari Skirmisher for 1,972 Lightning damage to Morale.
[2026-06-10 20:10:05.35946903] [Nlkosi Lvl:lvl137] Nlkosi scored a hit with Vivid Imagery on the Imhûlari Skirmisher for 7,290 Lightning damage to Morale.
[2026-06-10 20:10:06.898900238] [Nlkosi Lvl:lvl137] Nlkosi scored a hit with Scribe's Spark on the Imhûlari Skirmisher for 6,896 Lightning damage to Morale.
[2026-06-10 20:10:08.159359689] [Nlkosi Lvl:lvl137] Nlkosi scored a hit with Ceaseless Argument on the Imhûlari Skirmisher for 7,711 Lightning damage to Morale.
[2026-06-10 20:10:12.710970715] [Nlkosi Lvl:lvl137] Nlkosi scored a hit with Fiery Ridicule on the Imhûlari Warrior for 3,605 Fire damage to Morale.
[2026-06-10 20:10:12.970328638] [Nlkosi Lvl:lvl137] Nlkosi scored a hit with Sustaining Bolt on the Imhûlari Warrior for 3,233 Lightning damage to Morale.
[2026-06-10 20:10:13.772414943] [Nlkosi Lvl:lvl137] Sustaining Bolt applied a critical heal to Nlkosi restoring 693 points to Power.
[2026-06-10 20:10:13.774698741] [Nlkosi Lvl:lvl137] Sustenance applied a heal to Nlkosi restoring 7,254 points to Morale.
[2026-06-10 20:10:14.316818888] [Nlkosi Lvl:lvl137] Nlkosi scored a critical hit with Fiery Ridicule on the Imhûlari Warrior for 7,735 Fire damage to Morale.
[2026-06-10 20:10:15.713431804] [Nlkosi Lvl:lvl137] Nlkosi scored a hit with Essence of Flame on the Imhûlari Warrior for 16,183 Fire damage to Morale.
[2026-06-10 20:10:30.185704983] [Nlkosi Lvl:lvl137] Nlkosi scored a hit with Volcanic Rune-stone on the Imhûlari Captain for 6,865 Fire damage to Morale.
[2026-06-10 20:10:30.188204917] [Nlkosi Lvl:lvl137] Nlkosi scored a hit with Volcanic Rune-stone on the Imhûlari Scout for 6,865 Fire damage to Morale.
[2026-06-10 20:10:30.365950957] [Nlkosi Lvl:lvl137] Nlkosi applied a benefit with Volcanic Rune-stone on Nlkosi.
[2026-06-10 20:10:31.377533807] [Nlkosi Lvl:lvl137] The Utûgi Devastator scored a hit with a moderate melee attack on Nlkosi for 2,045 Common damage to Morale.
[2026-06-10 20:10:31.787981987] [Nlkosi Lvl:lvl137] Nlkosi scored a hit with Fulgurite Strike on the Utûgi Devastator for 1,923 Lightning damage to Morale.
[2026-06-10 20:10:31.790427972] [Nlkosi Lvl:lvl137] Nlkosi scored a hit with Fulgurite Strike on the Imhûlari Captain for 1,933 Lightning damage to Morale.
[2026-06-10 20:10:31.792595297] [Nlkosi Lvl:lvl137] Nlkosi scored a hit with Fulgurite Strike on the Imhûlari Scout for 1,823 Lightning damage to Morale.
[2026-06-10 20:10:31.797062158] [Nlkosi Lvl:lvl137] Nlkosi scored a hit with Fulgurite Strike on the Imhûlari Straggler for 1,940 Lightning damage to Morale.
[2026-06-10 20:10:32.26646711] [Nlkosi Lvl:lvl137] Nlkosi applied a benefit with Fulgurite Rune-stone on Nlkosi.
[2026-06-10 20:10:32.129063368] [Nlkosi Lvl:lvl137] Nlkosi scored a hit with Volcanic Rune-stone on the Imhûlari Captain for 6,865 Fire damage to Morale.
[2026-06-10 20:10:32.131159753] [Nlkosi Lvl:lvl137] Nlkosi scored a hit with Volcanic Rune-stone on the Imhûlari Scout for 6,865 Fire damage to Morale.
[2026-06-10 20:10:33.166259910] [Nlkosi Lvl:lvl137] Master of Tragedy applied a heal to Nlkosi restoring 101 points to Power.
[2026-06-10 20:10:33.428043732] [Nlkosi Lvl:lvl137] Nlkosi scored a devastating hit with Essence of Storm on the Imhûlari Scout for 34,245 Lightning damage to Morale.
[2026-06-10 20:10:34.121280603] [Nlkosi Lvl:lvl137] Nlkosi scored a hit with Volcanic Rune-stone on the Imhûlari Captain for 6,865 Fire damage to Morale.
[2026-06-10 20:10:34.431831917] [Nlkosi Lvl:lvl137] Nlkosi scored a hit with Fiery Ridicule on the Imhûlari Straggler for 3,812 Fire damage to Morale.
[2026-06-10 20:10:34.790197525] [Nlkosi Lvl:lvl137] Nlkosi scored a hit with Fulgurite Strike on the Utûgi Devastator for 1,855 Lightning damage to Morale.
[2026-06-10 20:10:34.792555850] [Nlkosi Lvl:lvl137] Nlkosi scored a hit with Fulgurite Strike on the Imhûlari Captain for 1,839 Lightning damage to Morale.
[2026-06-10 20:10:34.795044975] [Nlkosi Lvl:lvl137] Nlkosi scored a hit with Fulgurite Strike on the Imhûlari Straggler for 1,876 Lightning damage to Morale.
[2026-06-10 20:10:35.156007646] [Nlkosi Lvl:lvl137] Nlkosi scored a hit with Chilling Rhetoric on the Imhûlari Straggler for 7,080 Frost damage to Morale.
[2026-06-10 20:10:35.594862479] [Nlkosi Lvl:lvl137] Nlkosi scored a hit with Shocking Touch on the Imhûlari Straggler for 3,034 Lightning damage to Morale.
[2026-06-10 20:10:36.107806701] [Nlkosi Lvl:lvl137] Nlkosi scored a hit with Volcanic Rune-stone on the Imhûlari Captain for 6,865 Fire damage to Morale.
[2026-06-10 20:10:36.111597774] [Nlkosi Lvl:lvl137] Nlkosi applied a benefit with Armour of The Elements on Nlkosi.
[2026-06-10 20:10:36.681164302] [Nlkosi Lvl:lvl137] Nlkosi scored a critical hit with Epic Conclusion on the Imhûlari Straggler for 71,697 Lightning damage to Morale.
[2026-06-10 20:10:37.462019673] [Nlkosi Lvl:lvl137] Nlkosi scored a hit with Vivid Imagery on the Utûgi Devastator for 7,911 Lightning damage to Morale.
[2026-06-10 20:10:37.768636161] [Nlkosi Lvl:lvl137] Nlkosi scored a hit with Fulgurite Strike on the Utûgi Devastator for 1,922 Lightning damage to Morale.
[2026-06-10 20:10:37.771141325] [Nlkosi Lvl:lvl137] Nlkosi scored a hit with Fulgurite Strike on the Imhûlari Captain for 1,869 Lightning damage to Morale.
[2026-06-10 20:10:38.12085180] [Nlkosi Lvl:lvl137] The Imhûlari Captain scored a critical hit with a mighty melee attack on the Volcanic Rune-stone for 817 Common damage to Morale.
[2026-06-10 20:10:38.162964059] [Nlkosi Lvl:lvl137] Nlkosi scored a hit with Volcanic Rune-stone on the Imhûlari Captain for 6,865 Fire damage to Morale.
[2026-06-10 20:10:38.217262314] [Nlkosi Lvl:lvl137] The Utûgi Devastator scored a hit with Forceful Slash on Nlkosi.
[2026-06-10 20:10:40.145517792] [Nlkosi Lvl:lvl137] Nlkosi scored a hit with Volcanic Rune-stone on the Imhûlari Captain for 6,865 Fire damage to Morale.
[2026-06-10 20:10:40.329671342] [Nlkosi Lvl:lvl137] Nlkosi applied a benefit with Break The Bonds on Nlkosi.
[2026-06-10 20:10:40.793601480] [Nlkosi Lvl:lvl137] Nlkosi scored a hit with Fulgurite Strike on the Imhûlari Captain for 1,813 Lightning damage to Morale.
[2026-06-10 20:10:40.796047475] [Nlkosi Lvl:lvl137] Nlkosi scored a hit with Fulgurite Strike on the Utûgi Devastator for 1,977 Lightning damage to Morale.
[2026-06-10 20:10:41.413330639] [Nlkosi Lvl:lvl137] The Utûgi Devastator scored a critical hit with a melee triple attack on the Charged Fulgurite Rune-stone for 226 Common damage to Morale.
[2026-06-10 20:10:41.538778772] [Nlkosi Lvl:lvl137] Nlkosi tried to use Induce Stunned on the Utûgi Devastator but he was immune to the attempt.
[2026-06-10 20:10:41.798802476] [Nlkosi Lvl:lvl137] Nlkosi scored a hit with Shocking Words on the Utûgi Devastator for 17,505 Lightning damage to Morale.
[2026-06-10 20:10:43.386145673] [Nlkosi Lvl:lvl137] Nlkosi scored a critical hit with Scribe's Spark on the Utûgi Devastator for 20,725 Lightning damage to Morale.
[2026-06-10 20:10:44.780059741] [Nlkosi Lvl:lvl137] Nlkosi scored a hit with Essence of Storm on the Utûgi Devastator for 7,926 Lightning damage to Morale.
[2026-06-10 20:10:45.953938717] [Nlkosi Lvl:lvl137] Nlkosi scored a hit with Fiery Ridicule on the Utûgi Devastator for 3,608 Fire damage to Morale.
[2026-06-10 20:10:46.209778248] [Nlkosi Lvl:lvl137] Nlkosi scored a hit with Sustaining Bolt on the Utûgi Devastator for 4,444 Lightning damage to Morale.
[2026-06-10 20:10:47.57714225] [Nlkosi Lvl:lvl137] Sustaining Bolt applied a heal to Nlkosi restoring 569 points to Power.
[2026-06-10 20:10:47.59927573] [Nlkosi Lvl:lvl137] Sustenance applied a heal to Nlkosi restoring 6,538 points to Morale.
[2026-06-10 20:10:47.888127547] [Nlkosi Lvl:lvl137] The Utûgi Devastator scored a hit with a weak melee attack on Nlkosi for 1,487 Common damage to Morale.
[2026-06-10 20:10:48.147446599] [Nlkosi Lvl:lvl137] Nlkosi scored a hit with Writ of Lightning on the Utûgi Devastator for 7,438 Lightning damage to Morale.
[2026-06-10 20:10:49.3046079] [Nlkosi Lvl:lvl137] Nlkosi scored a hit with Fiery Ridicule on the Utûgi Devastator for 4,125 Fire damage to Morale.
[2026-06-10 20:10:50.16491704] [Nlkosi Lvl:lvl137] The Utûgi Devastator scored a hit with Breach Armour on Nlkosi for 5,206 Common damage to Morale.
[2026-06-10 20:10:50.66437617] [Nlkosi Lvl:lvl137] Nlkosi scored a hit with Scribe's Spark on the Utûgi Devastator for 7,165 Lightning damage to Morale.
[2026-06-10 20:10:50.632305924] [Nlkosi Lvl:lvl137] Master of Tragedy applied a heal to Nlkosi restoring 101 points to Power.
[2026-06-10 20:10:50.893096324] [Nlkosi Lvl:lvl137] Nlkosi scored a critical hit with Static Surge on the Utûgi Devastator for 40,459 Lightning damage to Morale.
[2026-06-10 20:10:50.895546297] [Nlkosi Lvl:lvl137] Nlkosi scored a hit with Static Surge on the Imhûlari Captain for 15,804 Lightning damage to Morale.
[2026-06-10 20:10:51.743530041] [Nlkosi Lvl:lvl137] Nlkosi scored a critical hit with Fiery Ridicule - Tier 2 on the Utûgi Devastator for 5,467 Fire damage to Morale.
[2026-06-10 20:10:54.634004063] [Nlkosi Lvl:lvl137] Nlkosi scored a hit with Scribe's Spark on the Utûgi Devastator for 10,666 Lightning damage to Morale.
[2026-06-10 20:10:54.760692741] [Nlkosi Lvl:lvl137] Nlkosi scored a hit with Fiery Ridicule - Tier 2 on the Utûgi Devastator for 2,624 Fire damage to Morale.
[2026-06-10 20:10:55.327987817] [Nlkosi Lvl:lvl137] The Utûgi Devastator scored a hit with a weak melee attack on Nlkosi for 1,792 Common damage to Morale.
[2026-06-10 20:10:55.858136614] [Nlkosi Lvl:lvl137] Nlkosi scored a critical hit with Essence of Storm on the Utûgi Devastator for 37,143 Lightning damage to Morale.
